<?xml version="1.0" encoding="UTF-8" ?>
<testsuite errors="1" failures="0" hostname="Raymonds-MacBook-Pro.local" name="Tests" skipped="0" tests="1" time="0.0" timestamp="2018-03-06T02:17:56">
  <properties>
    <property name="ant.project.invoked-targets" value="test" />
    <property name="java.runtime.name" value="Java(TM) SE Runtime Environment" />
    <property name="java.vm.version" value="9.0.1+11" />
    <property name="sun.boot.library.path" value="/Library/Java/JavaVirtualMachines/jdk-9.0.1.jdk/Contents/Home/lib" />
    <property name="ant.library.dir" value="/usr/local/Cellar/ant/1.10.1/libexec/lib" />
    <property name="gopherProxySet" value="false" />
    <property name="ant.version" value="Apache Ant(TM) version 1.10.1 compiled on February 2 2017" />
    <property name="ant.java.version" value="9" />
    <property name="java.vm.vendor" value="Oracle Corporation" />
    <property name="java.vendor.url" value="http://java.oracle.com/" />
    <property name="path.separator" value=":" />
    <property name="java.vm.name" value="Java HotSpot(TM) 64-Bit Server VM" />
    <property name="file.encoding.pkg" value="sun.io" />
    <property name="sun.os.patch.level" value="unknown" />
    <property name="user.country" value="US" />
    <property name="sun.java.launcher" value="SUN_STANDARD" />
    <property name="java.vm.specification.name" value="Java Virtual Machine Specification" />
    <property name="user.dir" value="/Users/yehray/IdeaProjects/yugioh" />
    <property name="java.vm.compressedOopsMode" value="Zero based" />
    <property name="java.runtime.version" value="9.0.1+11" />
    <property name="java.awt.graphicsenv" value="sun.awt.CGraphicsEnvironment" />
    <property name="basedir" value="/Users/yehray/IdeaProjects/yugioh" />
    <property name="os.arch" value="x86_64" />
    <property name="ant.project.default-target" value="compile" />
    <property name="java.io.tmpdir" value="/var/folders/cz/88tjqhyj30gdsysp5qg2r_800000gn/T/" />
    <property name="ant.core.lib" value="/usr/local/Cellar/ant/1.10.1/libexec/lib/ant.jar" />
    <property name="line.separator" value="&#xa;" />
    <property name="java.vm.specification.vendor" value="Oracle Corporation" />
    <property name="os.name" value="Mac OS X" />
    <property name="ant.home" value="/usr/local/Cellar/ant/1.10.1/libexec" />
    <property name="sun.jnu.encoding" value="UTF-8" />
    <property name="java.library.path" value="/Users/yehray/Library/Java/Extensions:/Library/Java/Extensions:/Network/Library/Java/Extensions:/System/Library/Java/Extensions:/usr/lib/java:." />
    <property name="jdk.debug" value="release" />
    <property name="java.class.version" value="53.0" />
    <property name="java.specification.name" value="Java Platform API Specification" />
    <property name="sun.management.compiler" value="HotSpot 64-Bit Tiered Compilers" />
    <property name="os.version" value="10.13.3" />
    <property name="ant.file" value="/Users/yehray/IdeaProjects/yugioh/build.xml" />
    <property name="http.nonProxyHosts" value="local|*.local|169.254/16|*.169.254/16" />
    <property name="user.home" value="/Users/yehray" />
    <property name="user.timezone" value="" />
    <property name="java.awt.printerjob" value="sun.lwawt.macosx.CPrinterJob" />
    <property name="file.encoding" value="UTF-8" />
    <property name="java.specification.version" value="9" />
    <property name="user.name" value="yehray" />
    <property name="java.class.path" value="/Applications/IntelliJ IDEA CE.app/Contents/lib/junit-4.12.jar:/Applications/IntelliJ IDEA CE.app/Contents/lib/hamcrest-core-1.3.jar:/usr/local/Cellar/ant/1.10.1/libexec/lib/ant-launcher.jar:/usr/local/Cellar/ant/1.10.1/libexec/lib/ant.jar:/usr/local/Cellar/ant/1.10.1/libexec/lib/ant-junit.jar:/usr/local/Cellar/ant/1.10.1/libexec/lib/ant-junit4.jar" />
    <property name="java.vm.specification.version" value="9" />
    <property name="sun.arch.data.model" value="64" />
    <property name="sun.java.command" value="org.apache.tools.ant.taskdefs.optional.junit.JUnitTestRunner Tests skipNonTests=false filtertrace=true haltOnError=false haltOnFailure=true formatter=org.apache.tools.ant.taskdefs.optional.junit.SummaryJUnitResultFormatter showoutput=false outputtoformatters=true logfailedtests=true threadid=0 logtestlistenerevents=false formatter=org.apache.tools.ant.taskdefs.optional.junit.PlainJUnitResultFormatter,/Users/yehray/IdeaProjects/yugioh/test/TEST-Tests.txt formatter=org.apache.tools.ant.taskdefs.optional.junit.XMLJUnitResultFormatter,/Users/yehray/IdeaProjects/yugioh/test/TEST-Tests.xml crashfile=/Users/yehray/IdeaProjects/yugioh/junitvmwatcher807878651566694748.properties propsfile=/Users/yehray/IdeaProjects/yugioh/junit12893840454522847460.properties" />
    <property name="java.home" value="/Library/Java/JavaVirtualMachines/jdk-9.0.1.jdk/Contents/Home" />
    <property name="user.language" value="en" />
    <property name="java.specification.vendor" value="Oracle Corporation" />
    <property name="awt.toolkit" value="sun.lwawt.macosx.LWCToolkit" />
    <property name="java.vm.info" value="mixed mode" />
    <property name="java.version" value="9.0.1" />
    <property name="java.vendor" value="Oracle Corporation" />
    <property name="file.separator" value="/" />
    <property name="java.vendor.url.bug" value="http://bugreport.java.com/bugreport/" />
    <property name="sun.io.unicode.encoding" value="UnicodeBig" />
    <property name="sun.cpu.endian" value="little" />
    <property name="ant.file.type" value="file" />
    <property name="socksNonProxyHosts" value="local|*.local|169.254/16|*.169.254/16" />
    <property name="ftp.nonProxyHosts" value="local|*.local|169.254/16|*.169.254/16" />
    <property name="sun.cpu.isalist" value="" />
  </properties>
  <error message="Tests" type="java.lang.ClassNotFoundException">java.lang.ClassNotFoundException: Tests
	at java.base/jdk.internal.loader.BuiltinClassLoader.loadClass(BuiltinClassLoader.java:582)
	at java.base/jdk.internal.loader.ClassLoaders$AppClassLoader.loadClass(ClassLoaders.java:185)
	at java.base/java.lang.ClassLoader.loadClass(ClassLoader.java:496)
	at java.base/java.lang.Class.forName0(Native Method)
	at java.base/java.lang.Class.forName(Class.java:292)
</error>
  <system-out><![CDATA[]]></system-out>
  <system-err><![CDATA[]]></system-err>
</testsuite>
